\BOOKMARK [1][-]{section.1}{Project constraints}{}% 1
\BOOKMARK [2][-]{subsection.1.1}{Project requirements document}{section.1}% 2
\BOOKMARK [2][-]{subsection.1.2}{Mandated constraints}{section.1}% 3
\BOOKMARK [2][-]{subsection.1.3}{Work breakdown structure}{section.1}% 4
\BOOKMARK [2][-]{subsection.1.4}{Naming conventions and terminology}{section.1}% 5
\BOOKMARK [2][-]{subsection.1.5}{Relevant facts and assumptions}{section.1}% 6
\BOOKMARK [1][-]{section.2}{Functional Requirements}{}% 7
\BOOKMARK [2][-]{subsection.2.1}{Scope of the work}{section.2}% 8
\BOOKMARK [2][-]{subsection.2.2}{Business data model}{section.2}% 9
\BOOKMARK [2][-]{subsection.2.3}{Data dictionary}{section.2}% 10
\BOOKMARK [2][-]{subsection.2.4}{Scope of the product}{section.2}% 11
\BOOKMARK [2][-]{subsection.2.5}{Functional requirements}{section.2}% 12
\BOOKMARK [1][-]{section.3}{Non-functional Requirements}{}% 13
\BOOKMARK [2][-]{subsection.3.1}{Look and feel requirements}{section.3}% 14
\BOOKMARK [2][-]{subsection.3.2}{Usability and humanity requirements}{section.3}% 15
\BOOKMARK [2][-]{subsection.3.3}{Performance requirements}{section.3}% 16
\BOOKMARK [2][-]{subsection.3.4}{Operational and environmental requirements}{section.3}% 17
\BOOKMARK [2][-]{subsection.3.5}{Maintainability and support requirements}{section.3}% 18
\BOOKMARK [2][-]{subsection.3.6}{Security requirements}{section.3}% 19
\BOOKMARK [2][-]{subsection.3.7}{Cultural and legal requirements}{section.3}% 20
